<?xml version="1.0" encoding="UTF-8"?>
<!-- Generated by org.testng.reporters.JUnitReportReporter -->
<testsuite hostname="APH10172" failures="0" tests="6" name="com.scripts.jpet.JpetScript3" time="11.954" errors="0" timestamp="2022-10-31T14:52:34 IST" skipped="0">
  <testcase classname="com.scripts.jpet.JpetScript3" name="Fun_JpetInvoke" time="3.203"/>
  <system-out/>
  <testcase classname="com.scripts.jpet.JpetScript3" name="Fun_JpetClickSignin" time="2.254"/>
  <system-out/>
  <testcase classname="com.scripts.jpet.JpetScript3" name="Fun_Enter_UserName" time="2.107"/>
  <system-out/>
  <testcase classname="com.scripts.jpet.JpetScript3" name="Fun_Enter_Password" time="2.096"/>
  <system-out/>
  <testcase classname="com.scripts.jpet.JpetScript3" name="Fun_Click_Signon" time="2.291"/>
  <system-out/>
  <testcase classname="com.scripts.jpet.JpetScript3" name="displayString" time="0.003"/>
  <system-out/>
</testsuite> <!-- com.scripts.jpet.JpetScript3 -->
