<?xml version="1.0" encoding="UTF-8"?>
<!-- Generated by org.testng.reporters.JUnitReportReporter -->
<testsuite hostname="APH10172" failures="0" tests="3" name="com.testng.scripts.TC001" time="0.007" errors="0" timestamp="2022-10-31T10:05:13 IST" skipped="1">
  <testcase classname="com.testng.scripts.TC001" name="funMethod2" time="0.006"/>
  <system-out/>
  <testcase classname="com.testng.scripts.TC001" name="funMethod1" time="0.001"/>
  <system-out/>
  <testcase classname="com.testng.scripts.TC001" name="funMethodignored">
    <skipped/>
  </testcase> <!-- funMethodignored -->
  <system-out/>
</testsuite> <!-- com.testng.scripts.TC001 -->
