<?xml version="1.0" encoding="UTF-8"?>
<!-- Generated by org.testng.reporters.JUnitReportReporter -->
<testsuite hostname="APH10172" failures="0" tests="6" name="com.scripts.jpet.JpetScript3" time="11.648" errors="0" timestamp="2022-10-31T12:21:40 IST" skipped="0">
  <testcase classname="com.scripts.jpet.JpetScript3" name="Fun_JpetInvoke" time="3.067"/>
  <system-out/>
  <testcase classname="com.scripts.jpet.JpetScript3" name="Fun_JpetClickSignin" time="2.227"/>
  <system-out/>
  <testcase classname="com.scripts.jpet.JpetScript3" name="Fun_Enter_UserName" time="2.071"/>
  <system-out/>
  <testcase classname="com.scripts.jpet.JpetScript3" name="Fun_Enter_Password" time="2.049"/>
  <system-out/>
  <testcase classname="com.scripts.jpet.JpetScript3" name="Fun_Click_Signon" time="2.232"/>
  <system-out/>
  <testcase classname="com.scripts.jpet.JpetScript3" name="displayString" time="0.002"/>
  <system-out/>
</testsuite> <!-- com.scripts.jpet.JpetScript3 -->
