<?xml version="1.0" encoding="UTF-8"?>
<!-- Generated by org.testng.reporters.JUnitReportReporter -->
<testsuite hostname="APH10172" failures="0" tests="1" name="com.scripts.jpet.JpetScript2" time="0.001" errors="0" timestamp="2022-10-31T10:05:13 IST" skipped="0">
  <testcase classname="com.scripts.jpet.JpetScript2" name="f" time="0.001"/>
  <system-out/>
</testsuite> <!-- com.scripts.jpet.JpetScript2 -->
