<?xml version="1.0" encoding="UTF-8"?>
<!-- Generated by org.testng.reporters.JUnitReportReporter -->
<testsuite hostname="APH10172" failures="0" tests="3" name="com.junit.scripts.TC_001" time="6.544" errors="0" timestamp="2022-10-28T14:31:38 IST" skipped="0">
  <testcase classname="com.junit.scripts.TC_001" name="test3" time="0.003"/>
  <system-out/>
  <testcase classname="com.junit.scripts.TC_001" name="test2" time="0.002"/>
  <system-out/>
  <testcase classname="com.junit.scripts.TC_001" name="test1" time="6.539"/>
  <system-out/>
</testsuite> <!-- com.junit.scripts.TC_001 -->
